=== Log Session Started: 2025-10-24T03:17:03.345Z ===
Node Version: v23.7.0
Platform: darwin
Working Directory: /Users/nathanielstoddard/chainreact-app/chainreact-app-9e
================================================================================

[2025-10-24T03:17:03.345Z] [INFO   ] File logging initialized
[2025-10-24T03:17:03.345Z] [INFO   ] Log file: /Users/nathanielstoddard/chainreact-app/chainreact-app-9e/logs/workflow_2025-10-23_22-17-03.log
[2025-10-24T03:17:03.348Z] [INFO   ] üìÅ File logging enabled
[2025-10-24T03:17:03.348Z] [INFO   ] üìù Logs will be written to: /Users/nathanielstoddard/chainreact-app/chainreact-app-9e/logs/workflow_2025-10-23_22-17-03.log
[2025-10-24T03:17:03.348Z] [INFO   ] üí° To view logs in real-time: tail -f /Users/nathanielstoddard/chainreact-app/chainreact-app-9e/logs/workflow_2025-10-23_22-17-03.log
[2025-10-24T03:17:03.348Z] [INFO   ] üí° To view all logs: cat /Users/nathanielstoddard/chainreact-app/chainreact-app-9e/logs/workflow_2025-10-23_22-17-03.log
[2025-10-24T03:17:03.348Z] [INFO   ] üí° To share logs: Copy the file at /Users/nathanielstoddard/chainreact-app/chainreact-app-9e/logs/workflow_2025-10-23_22-17-03.log
[2025-10-24T03:17:03.348Z] [INFO   ] --------------------------------------------------------------------------------
[2025-10-24T03:17:03.348Z] [DEBUG  ] üìÅ File logging system initialized
[2025-10-24T03:17:03.354Z] [INFO   ]  [32m[1m‚úì[22m[39m Ready in 3.3s
[2025-10-24T03:17:04.390Z] [INFO   ] 2025-10-24T03:17:04.390Z [DEBUG] ü§ñ Discord bot configured, initializing gateway connection in background...
[2025-10-24T03:17:06.123Z] [INFO   ] 2025-10-24T03:17:06.123Z [DEBUG] Initializing Discord Gateway connection (singleton)...
[2025-10-24T03:17:06.123Z] [INFO   ] 2025-10-24T03:17:06.123Z [DEBUG] üîë Discord bot token loaded
[2025-10-24T03:17:06.458Z] [INFO   ] 2025-10-24T03:17:06.458Z [DEBUG] Discord Gateway initialization complete
[2025-10-24T03:17:06.459Z] [INFO   ] 2025-10-24T03:17:06.459Z [DEBUG] ‚úÖ Discord bot gateway connection initialized
[2025-10-24T03:17:06.663Z] [INFO   ] 2025-10-24T03:17:06.663Z [DEBUG] Discord Gateway WebSocket connection established
[2025-10-24T03:17:06.663Z] [INFO   ] 2025-10-24T03:17:06.663Z [DEBUG] üîë Sending identify with intents: {"GUILDS":true,"GUILD_MEMBERS":true,"GUILD_INVITES":true,"GUILD_MESSAGES":true,"MESSAGE_CONTENT":true,"intentsValue":33347}
[2025-10-24T03:17:06.833Z] [INFO   ] 2025-10-24T03:17:06.833Z [DEBUG] üéâ Discord bot ready! {"sessionId":"cf85f2f00bbd52ebd6bba24c60e07a60","username":"ChainReact-Bot","userId":"1378595955212812308","guildCount":2}
[2025-10-24T03:17:06.833Z] [INFO   ] 2025-10-24T03:17:06.833Z [DEBUG] üìã Initializing invite cache...
[2025-10-24T03:17:06.844Z] [INFO   ] 2025-10-24T03:17:06.844Z [DEBUG] üì° Discord event received: GUILD_CREATE
[2025-10-24T03:17:06.846Z] [INFO   ] 2025-10-24T03:17:06.846Z [DEBUG] üì° Discord event received: GUILD_CREATE
[2025-10-24T03:17:07.102Z] [INFO   ] 2025-10-24T03:17:07.102Z [DEBUG] ‚úÖ Cached 3 invites for guild 1378950884045623406
[2025-10-24T03:17:21.902Z] [INFO   ]  [32m[1m‚úì[22m[39m Compiled /middleware in 235ms (233 modules)
[2025-10-24T03:17:22.254Z] [INFO   ] 2025-10-24T03:17:22.253Z [DEBUG] [Middleware] Username check: {"path":"/workflows","userId":"a3e3a51a-175c-4b59-ad03-227ba12a18b0","provider":"email","role":"admin","username":"nstoddard17","hasUsername":true,"isBetaTester":false,"isNewBetaUser":false,"accountAge":12709154854}
[2025-10-24T03:17:22.779Z] [INFO   ]  [37m[1m‚óã[22m[39m Compiling /workflows ...
[2025-10-24T03:17:26.014Z] [INFO   ]  [32m[1m‚úì[22m[39m Compiled /workflows in 3.7s (4041 modules)
[2025-10-24T03:17:26.416Z] [INFO   ] 2025-10-24T03:17:26.416Z [DEBUG] üíß [AUTH] Rehydrating auth state from storage {"hasState":true,"hasUser":false,"initialized":false,"timestamp":"2025-10-24T03:17:26.416Z"}
[2025-10-24T03:17:26.419Z] [INFO   ] 2025-10-24T03:17:26.419Z [DEBUG] üíß [AUTH] State hydrated and reset {"hasUser":false,"initialized":false,"timestamp":"2025-10-24T03:17:26.419Z"}
[2025-10-24T03:17:26.419Z] [INFO   ] 2025-10-24T03:17:26.419Z [DEBUG] ‚è≠Ô∏è [AUTH] Skipping initialization {"hasState":true,"alreadyInitialized":false,"isClient":false,"timestamp":"2025-10-24T03:17:26.419Z"}
[2025-10-24T03:17:26.758Z] [INFO   ]  [32m[1m‚úì[22m[39m Compiled in 728ms (733 modules)
[2025-10-24T03:17:26.908Z] [INFO   ] 2025-10-24T03:17:26.908Z [DEBUG] [Username Check] {"userId":"a3e3a51a-175c-4b59-ad03-227ba12a18b0","hasEmail":true,"provider":"email","hasUsername":true,"isGoogleUser":false}
[2025-10-24T03:17:27.603Z] [INFO   ]  [37m[1m‚óã[22m[39m Compiling /api/integrations ...
[2025-10-24T03:17:27.859Z] [INFO   ]  [32m[1m‚úì[22m[39m Compiled /api/integrations in 757ms (4050 modules)
[2025-10-24T03:17:28.006Z] [INFO   ] 2025-10-24T03:17:28.006Z [DEBUG] üìç [API /api/integrations] GET request received {"timestamp":"2025-10-24T03:17:28.006Z","headers":{"referer":"check-console"}}
[2025-10-24T03:17:28.167Z] [INFO   ] 2025-10-24T03:17:28.167Z [DEBUG] ‚úÖ [API /api/integrations] User authenticated {"userId":"a3e3a51a-175c-4b59-ad03-227ba12a18b0"}
[2025-10-24T03:17:28.360Z] [INFO   ] 2025-10-24T03:17:28.360Z [DEBUG] üìä [API /api/integrations] Query result {"count":14,"error":null,"firstFew":[{"provider":"notion","status":"connected"},{"provider":"mailchimp","status":"connected"}]}
[2025-10-24T03:17:29.698Z] [INFO   ]  [37m[1m‚óã[22m[39m Compiling /api/analytics/workflow-stats ...
[2025-10-24T03:17:30.173Z] [INFO   ]  [32m[1m‚úì[22m[39m Compiled /api/analytics/workflow-stats in 976ms (4058 modules)
[2025-10-24T03:17:31.654Z] [INFO   ] 2025-10-24T03:17:31.653Z [DEBUG] [Middleware] Username check: {"path":"/workflows/ai-agent","userId":"a3e3a51a-175c-4b59-ad03-227ba12a18b0","provider":"email","role":"admin","username":"nstoddard17","hasUsername":true,"isBetaTester":false,"isNewBetaUser":false,"accountAge":12709164254}
[2025-10-24T03:17:32.216Z] [INFO   ]  [37m[1m‚óã[22m[39m Compiling /workflows/ai-agent ...
[2025-10-24T03:17:32.224Z] [INFO   ]  [32m[1m‚úì[22m[39m Compiled /workflows/ai-agent in 545ms (4084 modules)
[2025-10-24T03:17:32.597Z] [INFO   ] 2025-10-24T03:17:32.597Z [DEBUG] [Username Check] {"userId":"a3e3a51a-175c-4b59-ad03-227ba12a18b0","hasEmail":true,"provider":"email","hasUsername":true,"isGoogleUser":false}
[2025-10-24T03:18:03.565Z] [INFO   ]  [32m[1m‚úì[22m[39m Compiled in 1047ms (4098 modules)
[2025-10-24T03:18:03.799Z] [INFO   ] 2025-10-24T03:18:03.799Z [DEBUG] [Middleware] Username check: {"path":"/workflows/ai-agent","userId":"a3e3a51a-175c-4b59-ad03-227ba12a18b0","provider":"email","role":"admin","username":"nstoddard17","hasUsername":true,"isBetaTester":false,"isNewBetaUser":false,"accountAge":12709196400}
[2025-10-24T03:18:03.986Z] [INFO   ] 2025-10-24T03:18:03.986Z [DEBUG] [Username Check] {"userId":"a3e3a51a-175c-4b59-ad03-227ba12a18b0","hasEmail":true,"provider":"email","hasUsername":true,"isGoogleUser":false}
[2025-10-24T03:18:40.792Z] [INFO   ] 2025-10-24T03:18:40.792Z [DEBUG] [Middleware] Username check: {"path":"/workflows/builder/ebb1dee8-27cc-4c6c-9703-434ebfae08ba","userId":"a3e3a51a-175c-4b59-ad03-227ba12a18b0","provider":"email","role":"admin","username":"nstoddard17","hasUsername":true,"isBetaTester":false,"isNewBetaUser":false,"accountAge":12709233393}
[2025-10-24T03:18:41.345Z] [INFO   ]  [37m[1m‚óã[22m[39m Compiling /workflows/builder/[id] ...
[2025-10-24T03:18:43.272Z] [INFO   ]  [32m[1m‚úì[22m[39m Compiled /workflows/builder/[id] in 2.4s (5943 modules)
[2025-10-24T03:18:44.159Z] [INFO   ] 2025-10-24T03:18:44.159Z [DEBUG] [Username Check] {"userId":"a3e3a51a-175c-4b59-ad03-227ba12a18b0","hasEmail":true,"provider":"email","hasUsername":true,"isGoogleUser":false}
[2025-10-24T03:18:45.468Z] [INFO   ] 2025-10-24T03:18:45.467Z [DEBUG] [Middleware] Username check: {"path":"/workflows/builder/ebb1dee8-27cc-4c6c-9703-434ebfae08ba","userId":"a3e3a51a-175c-4b59-ad03-227ba12a18b0","provider":"email","role":"admin","username":"nstoddard17","hasUsername":true,"isBetaTester":false,"isNewBetaUser":false,"accountAge":12709238068}
[2025-10-24T03:18:45.647Z] [INFO   ] 2025-10-24T03:18:45.646Z [DEBUG] üíß [AUTH] Rehydrating auth state from storage {"hasState":true,"hasUser":false,"initialized":false,"timestamp":"2025-10-24T03:18:45.646Z"}
[2025-10-24T03:18:45.658Z] [INFO   ] 2025-10-24T03:18:45.658Z [DEBUG] üíß [AUTH] State hydrated and reset {"hasUser":false,"initialized":false,"timestamp":"2025-10-24T03:18:45.658Z"}
[2025-10-24T03:18:45.658Z] [INFO   ] 2025-10-24T03:18:45.658Z [DEBUG] ‚è≠Ô∏è [AUTH] Skipping initialization {"hasState":true,"alreadyInitialized":false,"isClient":false,"timestamp":"2025-10-24T03:18:45.658Z"}
[2025-10-24T03:18:45.906Z] [INFO   ] 2025-10-24T03:18:45.906Z [DEBUG] [Username Check] {"userId":"a3e3a51a-175c-4b59-ad03-227ba12a18b0","hasEmail":true,"provider":"email","hasUsername":true,"isGoogleUser":false}
[2025-10-24T03:18:46.335Z] [INFO   ] 2025-10-24T03:18:46.335Z [INFO] [NewWorkflowBuilderContent] URL params: {"aiChat":"true","hasInitialPrompt":true,"initialPrompt":"When I get an email send it to slack"}
[2025-10-24T03:18:46.860Z] [INFO   ]  [32m[1m‚úì[22m[39m Compiled /api/presence/count in 356ms (4268 modules)
[2025-10-24T03:18:47.120Z] [INFO   ]  [32m[1m‚úì[22m[39m Compiled (4270 modules)
[2025-10-24T03:18:47.845Z] [INFO   ]  [32m[1m‚úì[22m[39m Compiled /api/collaboration/join in 353ms (4272 modules)
[2025-10-24T03:18:48.513Z] [INFO   ]  [37m[1m‚óã[22m[39m Compiling /api/ai/stream-workflow ...
[2025-10-24T03:18:48.900Z] [INFO   ]  [32m[1m‚úì[22m[39m Compiled /api/ai/stream-workflow in 966ms (2407 modules)
[2025-10-24T03:18:49.181Z] [INFO   ] 2025-10-24T03:18:49.181Z [DEBUG] üìç [API /api/integrations] GET request received {"timestamp":"2025-10-24T03:18:49.181Z","headers":{"referer":"check-console"}}
[2025-10-24T03:18:49.303Z] [INFO   ] 2025-10-24T03:18:49.303Z [DEBUG] ‚úÖ [API /api/integrations] User authenticated {"userId":"a3e3a51a-175c-4b59-ad03-227ba12a18b0"}
[2025-10-24T03:18:49.416Z] [INFO   ] 2025-10-24T03:18:49.416Z [DEBUG] üìä [API /api/integrations] Query result {"count":14,"error":null,"firstFew":[{"provider":"notion","status":"connected"},{"provider":"mailchimp","status":"connected"}]}
[2025-10-24T03:18:50.712Z] [INFO   ] [Prerequisite Check] Required apps: [ 'gmail', 'slack' ]
[2025-10-24T03:18:50.714Z] [INFO   ] [Prerequisite Check] Connected integrations: []
[2025-10-24T03:18:50.714Z] [INFO   ] [Prerequisite Check] Normalized connected: []
[2025-10-24T03:18:50.714Z] [INFO   ] [Prerequisite Check] Checking gmail (normalized: gmail): MISSING
[2025-10-24T03:18:50.714Z] [INFO   ] [Prerequisite Check] Checking slack (normalized: slack): MISSING
[2025-10-24T03:19:20.085Z] [INFO   ]  [37m[1m‚óã[22m[39m Compiling /api/collaboration/collaborators ...
[2025-10-24T03:19:20.092Z] [INFO   ]  [32m[1m‚úì[22m[39m Compiled /api/collaboration/collaborators in 509ms (5971 modules)
[2025-10-24T03:19:46.885Z] [INFO   ]  [32m[1m‚úì[22m[39m Compiled in 975ms (5985 modules)
[2025-10-24T03:19:47.178Z] [INFO   ] 2025-10-24T03:19:47.178Z [DEBUG] [Middleware] Username check: {"path":"/workflows/builder/ebb1dee8-27cc-4c6c-9703-434ebfae08ba","userId":"a3e3a51a-175c-4b59-ad03-227ba12a18b0","provider":"email","role":"admin","username":"nstoddard17","hasUsername":true,"isBetaTester":false,"isNewBetaUser":false,"accountAge":12709299779}
[2025-10-24T03:19:47.543Z] [INFO   ]  [37m[1m‚óã[22m[39m Compiling /api/collaboration/leave ...
[2025-10-24T03:19:47.811Z] [WARN   ]  [33m[1m‚ö†[22m[39m Fast Refresh had to perform a full reload due to a runtime error.
[2025-10-24T03:19:47.890Z] [INFO   ]  [32m[1m‚úì[22m[39m Compiled /api/collaboration/leave in 848ms (5973 modules)
[2025-10-24T03:19:47.908Z] [WARN   ]  [33m[1m‚ö†[22m[39m Fast Refresh had to perform a full reload due to a runtime error.
[2025-10-24T03:19:48.312Z] [INFO   ] 2025-10-24T03:19:48.312Z [DEBUG] [Username Check] {"userId":"a3e3a51a-175c-4b59-ad03-227ba12a18b0","hasEmail":true,"provider":"email","hasUsername":true,"isGoogleUser":false}
[2025-10-24T03:19:48.535Z] [INFO   ] 2025-10-24T03:19:48.535Z [DEBUG] [Middleware] Username check: {"path":"/workflows/builder/ebb1dee8-27cc-4c6c-9703-434ebfae08ba","userId":"a3e3a51a-175c-4b59-ad03-227ba12a18b0","provider":"email","role":"admin","username":"nstoddard17","hasUsername":true,"isBetaTester":false,"isNewBetaUser":false,"accountAge":12709301136}
[2025-10-24T03:19:48.711Z] [INFO   ] 2025-10-24T03:19:48.711Z [DEBUG] üíß [AUTH] Rehydrating auth state from storage {"hasState":true,"hasUser":false,"initialized":false,"timestamp":"2025-10-24T03:19:48.711Z"}
[2025-10-24T03:19:48.723Z] [INFO   ] 2025-10-24T03:19:48.723Z [DEBUG] üíß [AUTH] State hydrated and reset {"hasUser":false,"initialized":false,"timestamp":"2025-10-24T03:19:48.723Z"}
[2025-10-24T03:19:48.723Z] [INFO   ] 2025-10-24T03:19:48.723Z [DEBUG] ‚è≠Ô∏è [AUTH] Skipping initialization {"hasState":true,"alreadyInitialized":false,"isClient":false,"timestamp":"2025-10-24T03:19:48.723Z"}
[2025-10-24T03:19:48.837Z] [ERROR  ] aborted
Error: aborted
    at abortIncoming (node:_http_server:809:17)
    at socketOnClose (node:_http_server:803:3)
    at Socket.emit (node:events:519:35)
    at TCP.<anonymous> (node:net:351:12)
    at TCP.callbackTrampoline (node:internal/async_hooks:130:17)
[2025-10-24T03:19:48.839Z] [ERROR  ]  [31m[1m‚®Ø[22m[39m uncaughtException: aborted
Error: aborted
    at abortIncoming (node:_http_server:809:17)
    at socketOnClose (node:_http_server:803:3)
    at Socket.emit (node:events:519:35)
    at TCP.<anonymous> (node:net:351:12)
    at TCP.callbackTrampoline (node:internal/async_hooks:130:17)
[2025-10-24T03:19:48.839Z] [ERROR  ]  [31m[1m‚®Ø[22m[39m uncaughtException:  aborted
Error: aborted
    at abortIncoming (node:_http_server:809:17)
    at socketOnClose (node:_http_server:803:3)
    at Socket.emit (node:events:519:35)
    at TCP.<anonymous> (node:net:351:12)
    at TCP.callbackTrampoline (node:internal/async_hooks:130:17)
[2025-10-24T03:19:48.978Z] [INFO   ] 2025-10-24T03:19:48.978Z [DEBUG] [Username Check] {"userId":"a3e3a51a-175c-4b59-ad03-227ba12a18b0","hasEmail":true,"provider":"email","hasUsername":true,"isGoogleUser":false}
[2025-10-24T03:19:49.439Z] [INFO   ] 2025-10-24T03:19:49.439Z [INFO] [NewWorkflowBuilderContent] URL params: {"aiChat":"true","hasInitialPrompt":true,"initialPrompt":"When I get an email send it to slack"}
[2025-10-24T03:19:49.570Z] [ERROR  ] 2025-10-24T03:19:49.570Z [ERROR] Stream workflow error: {"code":"ERR_INVALID_STATE"}
[2025-10-24T03:19:49.825Z] [INFO   ] 2025-10-24T03:19:49.824Z [DEBUG] üìç [API /api/integrations] GET request received {"timestamp":"2025-10-24T03:19:49.824Z","headers":{"referer":"check-console"}}
[2025-10-24T03:19:49.912Z] [INFO   ] 2025-10-24T03:19:49.912Z [DEBUG] ‚úÖ [API /api/integrations] User authenticated {"userId":"a3e3a51a-175c-4b59-ad03-227ba12a18b0"}
[2025-10-24T03:19:50.029Z] [INFO   ] 2025-10-24T03:19:50.029Z [DEBUG] üìä [API /api/integrations] Query result {"count":14,"error":null,"firstFew":[{"provider":"notion","status":"connected"},{"provider":"mailchimp","status":"connected"}]}
[2025-10-24T03:19:51.829Z] [INFO   ] [Prerequisite Check] Required apps: [ 'gmail', 'slack' ]
[2025-10-24T03:19:51.829Z] [INFO   ] [Prerequisite Check] Connected integrations: [
  'notion',
  'mailchimp',
  'gmail',
  'google-sheets',
  'google-drive',
  'dropbox',
  'facebook',
  'trello',
  'slack',
  'google-docs',
  'twitter',
  'google-calendar',
  'airtable',
  'google_calendar'
]
[2025-10-24T03:19:51.830Z] [INFO   ] [Prerequisite Check] Normalized connected: [
  'notion',
  'mailchimp',
  'gmail',
  'google-sheets',
  'google-drive',
  'dropbox',
  'facebook',
  'trello',
  'slack',
  'google-docs',
  'twitter',
  'google-calendar',
  'airtable',
  'google_calendar'
]
[2025-10-24T03:19:51.830Z] [INFO   ] [Prerequisite Check] Checking gmail (normalized: gmail): CONNECTED
[2025-10-24T03:19:51.830Z] [INFO   ] [Prerequisite Check] Checking slack (normalized: slack): CONNECTED
[2025-10-24T03:19:56.339Z] [INFO   ]  [32m[1m‚úì[22m[39m Compiled in 811ms (5987 modules)
[2025-10-24T03:19:56.580Z] [INFO   ] 2025-10-24T03:19:56.580Z [DEBUG] [Middleware] Username check: {"path":"/workflows/builder/ebb1dee8-27cc-4c6c-9703-434ebfae08ba","userId":"a3e3a51a-175c-4b59-ad03-227ba12a18b0","provider":"email","role":"admin","username":"nstoddard17","hasUsername":true,"isBetaTester":false,"isNewBetaUser":false,"accountAge":12709309181}
[2025-10-24T03:19:56.784Z] [INFO   ] 2025-10-24T03:19:56.783Z [DEBUG] [Username Check] {"userId":"a3e3a51a-175c-4b59-ad03-227ba12a18b0","hasEmail":true,"provider":"email","hasUsername":true,"isGoogleUser":false}
[2025-10-24T03:19:57.226Z] [WARN   ]  [33m[1m‚ö†[22m[39m Fast Refresh had to perform a full reload due to a runtime error.
[2025-10-24T03:19:57.577Z] [INFO   ] 2025-10-24T03:19:57.576Z [DEBUG] [Middleware] Username check: {"path":"/workflows/builder/ebb1dee8-27cc-4c6c-9703-434ebfae08ba","userId":"a3e3a51a-175c-4b59-ad03-227ba12a18b0","provider":"email","role":"admin","username":"nstoddard17","hasUsername":true,"isBetaTester":false,"isNewBetaUser":false,"accountAge":12709310177}
[2025-10-24T03:19:57.705Z] [INFO   ] 2025-10-24T03:19:57.705Z [DEBUG] üíß [AUTH] Rehydrating auth state from storage {"hasState":true,"hasUser":false,"initialized":false,"timestamp":"2025-10-24T03:19:57.705Z"}
[2025-10-24T03:19:57.717Z] [INFO   ] 2025-10-24T03:19:57.717Z [DEBUG] üíß [AUTH] State hydrated and reset {"hasUser":false,"initialized":false,"timestamp":"2025-10-24T03:19:57.717Z"}
[2025-10-24T03:19:57.717Z] [INFO   ] 2025-10-24T03:19:57.717Z [DEBUG] ‚è≠Ô∏è [AUTH] Skipping initialization {"hasState":true,"alreadyInitialized":false,"isClient":false,"timestamp":"2025-10-24T03:19:57.717Z"}
[2025-10-24T03:19:57.766Z] [ERROR  ] aborted
Error: aborted
    at abortIncoming (node:_http_server:809:17)
    at socketOnClose (node:_http_server:803:3)
    at Socket.emit (node:events:519:35)
    at TCP.<anonymous> (node:net:351:12)
    at TCP.callbackTrampoline (node:internal/async_hooks:130:17)
[2025-10-24T03:19:57.766Z] [ERROR  ]  [31m[1m‚®Ø[22m[39m uncaughtException: aborted
Error: aborted
    at abortIncoming (node:_http_server:809:17)
    at socketOnClose (node:_http_server:803:3)
    at Socket.emit (node:events:519:35)
    at TCP.<anonymous> (node:net:351:12)
    at TCP.callbackTrampoline (node:internal/async_hooks:130:17)
[2025-10-24T03:19:57.767Z] [ERROR  ]  [31m[1m‚®Ø[22m[39m uncaughtException:  aborted
Error: aborted
    at abortIncoming (node:_http_server:809:17)
    at socketOnClose (node:_http_server:803:3)
    at Socket.emit (node:events:519:35)
    at TCP.<anonymous> (node:net:351:12)
    at TCP.callbackTrampoline (node:internal/async_hooks:130:17)
[2025-10-24T03:19:57.920Z] [INFO   ] 2025-10-24T03:19:57.920Z [DEBUG] [Username Check] {"userId":"a3e3a51a-175c-4b59-ad03-227ba12a18b0","hasEmail":true,"provider":"email","hasUsername":true,"isGoogleUser":false}
[2025-10-24T03:19:58.126Z] [INFO   ] 2025-10-24T03:19:58.126Z [INFO] [NewWorkflowBuilderContent] URL params: {"aiChat":"true","hasInitialPrompt":true,"initialPrompt":"When I get an email send it to slack"}
[2025-10-24T03:19:58.451Z] [INFO   ] 2025-10-24T03:19:58.451Z [DEBUG] üìç [API /api/integrations] GET request received {"timestamp":"2025-10-24T03:19:58.451Z","headers":{"referer":"check-console"}}
[2025-10-24T03:19:58.495Z] [ERROR  ] 2025-10-24T03:19:58.495Z [ERROR] Stream workflow error: {"code":"ERR_INVALID_STATE"}
[2025-10-24T03:19:58.538Z] [INFO   ] 2025-10-24T03:19:58.538Z [DEBUG] ‚úÖ [API /api/integrations] User authenticated {"userId":"a3e3a51a-175c-4b59-ad03-227ba12a18b0"}
[2025-10-24T03:19:58.637Z] [INFO   ] 2025-10-24T03:19:58.637Z [DEBUG] üìä [API /api/integrations] Query result {"count":14,"error":null,"firstFew":[{"provider":"notion","status":"connected"},{"provider":"mailchimp","status":"connected"}]}
[2025-10-24T03:20:00.487Z] [INFO   ] [Prerequisite Check] Required apps: [ 'gmail', 'slack' ]
[2025-10-24T03:20:00.487Z] [INFO   ] [Prerequisite Check] Connected integrations: [
  'notion',
  'mailchimp',
  'gmail',
  'google-sheets',
  'google-drive',
  'dropbox',
  'facebook',
  'trello',
  'slack',
  'google-docs',
  'twitter',
  'google-calendar',
  'airtable',
  'google_calendar'
]
[2025-10-24T03:20:00.488Z] [INFO   ] [Prerequisite Check] Normalized connected: [
  'notion',
  'mailchimp',
  'gmail',
  'google-sheets',
  'google-drive',
  'dropbox',
  'facebook',
  'trello',
  'slack',
  'google-docs',
  'twitter',
  'google-calendar',
  'airtable',
  'google_calendar'
]
[2025-10-24T03:20:00.488Z] [INFO   ] [Prerequisite Check] Checking gmail (normalized: gmail): CONNECTED
[2025-10-24T03:20:00.488Z] [INFO   ] [Prerequisite Check] Checking slack (normalized: slack): CONNECTED
[2025-10-24T03:20:10.363Z] [INFO   ]  [32m[1m‚úì[22m[39m Compiled in 798ms (5987 modules)
[2025-10-24T03:20:10.570Z] [INFO   ] 2025-10-24T03:20:10.570Z [DEBUG] [Middleware] Username check: {"path":"/workflows/builder/ebb1dee8-27cc-4c6c-9703-434ebfae08ba","userId":"a3e3a51a-175c-4b59-ad03-227ba12a18b0","provider":"email","role":"admin","username":"nstoddard17","hasUsername":true,"isBetaTester":false,"isNewBetaUser":false,"accountAge":12709323171}
[2025-10-24T03:20:10.816Z] [INFO   ] 2025-10-24T03:20:10.815Z [DEBUG] [Username Check] {"userId":"a3e3a51a-175c-4b59-ad03-227ba12a18b0","hasEmail":true,"provider":"email","hasUsername":true,"isGoogleUser":false}
[2025-10-24T03:20:13.445Z] [INFO   ] [Prerequisite Check] Required apps: [ 'gmail', 'slack' ]
[2025-10-24T03:20:13.446Z] [INFO   ] [Prerequisite Check] Connected integrations: [
  'notion',
  'mailchimp',
  'gmail',
  'google-sheets',
  'google-drive',
  'dropbox',
  'facebook',
  'trello',
  'slack',
  'google-docs',
  'twitter',
  'google-calendar',
  'airtable',
  'google_calendar'
]
[2025-10-24T03:20:13.446Z] [INFO   ] [Prerequisite Check] Normalized connected: [
  'notion',
  'mailchimp',
  'gmail',
  'google-sheets',
  'google-drive',
  'dropbox',
  'facebook',
  'trello',
  'slack',
  'google-docs',
  'twitter',
  'google-calendar',
  'airtable',
  'google_calendar'
]
[2025-10-24T03:20:13.446Z] [INFO   ] [Prerequisite Check] Checking gmail (normalized: gmail): CONNECTED
[2025-10-24T03:20:13.446Z] [INFO   ] [Prerequisite Check] Checking slack (normalized: slack): CONNECTED
[2025-10-24T03:20:19.688Z] [INFO   ]  [32m[1m‚úì[22m[39m Compiled in 820ms (5987 modules)
[2025-10-24T03:20:20.004Z] [INFO   ] 2025-10-24T03:20:20.004Z [DEBUG] [Middleware] Username check: {"path":"/workflows/builder/ebb1dee8-27cc-4c6c-9703-434ebfae08ba","userId":"a3e3a51a-175c-4b59-ad03-227ba12a18b0","provider":"email","role":"admin","username":"nstoddard17","hasUsername":true,"isBetaTester":false,"isNewBetaUser":false,"accountAge":12709332605}
[2025-10-24T03:20:20.264Z] [INFO   ] 2025-10-24T03:20:20.264Z [DEBUG] üíß [AUTH] Rehydrating auth state from storage {"hasState":true,"hasUser":false,"initialized":false,"timestamp":"2025-10-24T03:20:20.264Z"}
[2025-10-24T03:20:20.278Z] [INFO   ] 2025-10-24T03:20:20.278Z [DEBUG] üíß [AUTH] State hydrated and reset {"hasUser":false,"initialized":false,"timestamp":"2025-10-24T03:20:20.278Z"}
[2025-10-24T03:20:20.278Z] [INFO   ] 2025-10-24T03:20:20.278Z [DEBUG] ‚è≠Ô∏è [AUTH] Skipping initialization {"hasState":true,"alreadyInitialized":false,"isClient":false,"timestamp":"2025-10-24T03:20:20.278Z"}
[2025-10-24T03:20:20.575Z] [INFO   ] 2025-10-24T03:20:20.574Z [DEBUG] [Username Check] {"userId":"a3e3a51a-175c-4b59-ad03-227ba12a18b0","hasEmail":true,"provider":"email","hasUsername":true,"isGoogleUser":false}
[2025-10-24T03:20:20.769Z] [INFO   ] 2025-10-24T03:20:20.769Z [INFO] [NewWorkflowBuilderContent] URL params: {"aiChat":"true","hasInitialPrompt":true,"initialPrompt":"When I get an email send it to slack"}
[2025-10-24T03:20:20.780Z] [WARN   ]  [33m[1m‚ö†[22m[39m Fast Refresh had to perform a full reload due to a runtime error.
[2025-10-24T03:20:21.509Z] [INFO   ] 2025-10-24T03:20:21.509Z [DEBUG] üìç [API /api/integrations] GET request received {"timestamp":"2025-10-24T03:20:21.509Z","headers":{"referer":"check-console"}}
[2025-10-24T03:20:21.607Z] [INFO   ] 2025-10-24T03:20:21.607Z [DEBUG] ‚úÖ [API /api/integrations] User authenticated {"userId":"a3e3a51a-175c-4b59-ad03-227ba12a18b0"}
[2025-10-24T03:20:21.746Z] [INFO   ] 2025-10-24T03:20:21.746Z [DEBUG] üìä [API /api/integrations] Query result {"count":14,"error":null,"firstFew":[{"provider":"notion","status":"connected"},{"provider":"mailchimp","status":"connected"}]}
[2025-10-24T03:20:23.374Z] [INFO   ] [Prerequisite Check] Required apps: [ 'gmail', 'slack' ]
[2025-10-24T03:20:23.375Z] [INFO   ] [Prerequisite Check] Connected integrations: [
  'notion',
  'mailchimp',
  'gmail',
  'google-sheets',
  'dropbox',
  'google-drive',
  'facebook',
  'trello',
  'slack',
  'google-docs',
  'twitter',
  'google-calendar',
  'airtable',
  'google_calendar'
]
[2025-10-24T03:20:23.375Z] [INFO   ] [Prerequisite Check] Normalized connected: [
  'notion',
  'mailchimp',
  'gmail',
  'google-sheets',
  'dropbox',
  'google-drive',
  'facebook',
  'trello',
  'slack',
  'google-docs',
  'twitter',
  'google-calendar',
  'airtable',
  'google_calendar'
]
[2025-10-24T03:20:23.376Z] [INFO   ] [Prerequisite Check] Checking gmail (normalized: gmail): CONNECTED
[2025-10-24T03:20:23.376Z] [INFO   ] [Prerequisite Check] Checking slack (normalized: slack): CONNECTED
[2025-10-24T03:20:33.329Z] [INFO   ]  [32m[1m‚úì[22m[39m Compiled in 961ms (5985 modules)
[2025-10-24T03:20:33.622Z] [INFO   ] 2025-10-24T03:20:33.622Z [DEBUG] [Middleware] Username check: {"path":"/workflows/builder/ebb1dee8-27cc-4c6c-9703-434ebfae08ba","userId":"a3e3a51a-175c-4b59-ad03-227ba12a18b0","provider":"email","role":"admin","username":"nstoddard17","hasUsername":true,"isBetaTester":false,"isNewBetaUser":false,"accountAge":12709346223}
[2025-10-24T03:20:33.830Z] [INFO   ] 2025-10-24T03:20:33.830Z [DEBUG] [Username Check] {"userId":"a3e3a51a-175c-4b59-ad03-227ba12a18b0","hasEmail":true,"provider":"email","hasUsername":true,"isGoogleUser":false}
[2025-10-24T03:20:37.128Z] [INFO   ] [Prerequisite Check] Required apps: [ 'gmail', 'slack' ]
[2025-10-24T03:20:37.128Z] [INFO   ] [Prerequisite Check] Connected integrations: [
  'notion',
  'mailchimp',
  'gmail',
  'google-sheets',
  'dropbox',
  'google-drive',
  'facebook',
  'trello',
  'slack',
  'google-docs',
  'twitter',
  'google-calendar',
  'airtable',
  'google_calendar'
]
[2025-10-24T03:20:37.128Z] [INFO   ] [Prerequisite Check] Normalized connected: [
  'notion',
  'mailchimp',
  'gmail',
  'google-sheets',
  'dropbox',
  'google-drive',
  'facebook',
  'trello',
  'slack',
  'google-docs',
  'twitter',
  'google-calendar',
  'airtable',
  'google_calendar'
]
[2025-10-24T03:20:37.128Z] [INFO   ] [Prerequisite Check] Checking gmail (normalized: gmail): CONNECTED
[2025-10-24T03:20:37.128Z] [INFO   ] [Prerequisite Check] Checking slack (normalized: slack): CONNECTED
[2025-10-24T03:20:44.907Z] [INFO   ]  [32m[1m‚úì[22m[39m Compiled in 792ms (5985 modules)
[2025-10-24T03:20:45.175Z] [INFO   ] 2025-10-24T03:20:45.175Z [DEBUG] [Middleware] Username check: {"path":"/workflows/builder/ebb1dee8-27cc-4c6c-9703-434ebfae08ba","userId":"a3e3a51a-175c-4b59-ad03-227ba12a18b0","provider":"email","role":"admin","username":"nstoddard17","hasUsername":true,"isBetaTester":false,"isNewBetaUser":false,"accountAge":12709357776}
[2025-10-24T03:20:45.485Z] [INFO   ] 2025-10-24T03:20:45.485Z [DEBUG] üíß [AUTH] Rehydrating auth state from storage {"hasState":true,"hasUser":false,"initialized":false,"timestamp":"2025-10-24T03:20:45.485Z"}
[2025-10-24T03:20:45.500Z] [INFO   ] 2025-10-24T03:20:45.500Z [DEBUG] üíß [AUTH] State hydrated and reset {"hasUser":false,"initialized":false,"timestamp":"2025-10-24T03:20:45.500Z"}
[2025-10-24T03:20:45.500Z] [INFO   ] 2025-10-24T03:20:45.500Z [DEBUG] ‚è≠Ô∏è [AUTH] Skipping initialization {"hasState":true,"alreadyInitialized":false,"isClient":false,"timestamp":"2025-10-24T03:20:45.500Z"}
[2025-10-24T03:20:45.794Z] [INFO   ] 2025-10-24T03:20:45.794Z [DEBUG] [Username Check] {"userId":"a3e3a51a-175c-4b59-ad03-227ba12a18b0","hasEmail":true,"provider":"email","hasUsername":true,"isGoogleUser":false}
[2025-10-24T03:20:45.993Z] [INFO   ] 2025-10-24T03:20:45.993Z [INFO] [NewWorkflowBuilderContent] URL params: {"aiChat":"true","hasInitialPrompt":true,"initialPrompt":"When I get an email send it to slack"}
[2025-10-24T03:20:46.002Z] [WARN   ]  [33m[1m‚ö†[22m[39m Fast Refresh had to perform a full reload due to a runtime error.
[2025-10-24T03:20:46.596Z] [INFO   ] 2025-10-24T03:20:46.595Z [DEBUG] üìç [API /api/integrations] GET request received {"timestamp":"2025-10-24T03:20:46.595Z","headers":{"referer":"check-console"}}
[2025-10-24T03:20:46.693Z] [INFO   ] 2025-10-24T03:20:46.693Z [DEBUG] ‚úÖ [API /api/integrations] User authenticated {"userId":"a3e3a51a-175c-4b59-ad03-227ba12a18b0"}
[2025-10-24T03:20:46.797Z] [INFO   ] 2025-10-24T03:20:46.797Z [DEBUG] üìä [API /api/integrations] Query result {"count":14,"error":null,"firstFew":[{"provider":"notion","status":"connected"},{"provider":"mailchimp","status":"connected"}]}
[2025-10-24T03:20:48.856Z] [INFO   ] [Prerequisite Check] Required apps: [ 'gmail', 'slack' ]
[2025-10-24T03:20:48.856Z] [INFO   ] [Prerequisite Check] Connected integrations: [
  'notion',
  'mailchimp',
  'gmail',
  'google-sheets',
  'dropbox',
  'google-drive',
  'facebook',
  'trello',
  'slack',
  'google-docs',
  'twitter',
  'google-calendar',
  'airtable',
  'google_calendar'
]
[2025-10-24T03:20:48.856Z] [INFO   ] [Prerequisite Check] Normalized connected: [
  'notion',
  'mailchimp',
  'gmail',
  'google-sheets',
  'dropbox',
  'google-drive',
  'facebook',
  'trello',
  'slack',
  'google-docs',
  'twitter',
  'google-calendar',
  'airtable',
  'google_calendar'
]
[2025-10-24T03:20:48.856Z] [INFO   ] [Prerequisite Check] Checking gmail (normalized: gmail): CONNECTED
[2025-10-24T03:20:48.856Z] [INFO   ] [Prerequisite Check] Checking slack (normalized: slack): CONNECTED
[2025-10-24T03:21:11.373Z] [INFO   ]  [32m[1m‚úì[22m[39m Compiled in 819ms (5985 modules)
[2025-10-24T03:21:11.604Z] [INFO   ] 2025-10-24T03:21:11.604Z [DEBUG] [Middleware] Username check: {"path":"/workflows/builder/ebb1dee8-27cc-4c6c-9703-434ebfae08ba","userId":"a3e3a51a-175c-4b59-ad03-227ba12a18b0","provider":"email","role":"admin","username":"nstoddard17","hasUsername":true,"isBetaTester":false,"isNewBetaUser":false,"accountAge":12709384205}
[2025-10-24T03:21:11.819Z] [INFO   ] 2025-10-24T03:21:11.819Z [DEBUG] [Username Check] {"userId":"a3e3a51a-175c-4b59-ad03-227ba12a18b0","hasEmail":true,"provider":"email","hasUsername":true,"isGoogleUser":false}
[2025-10-24T03:21:23.127Z] [INFO   ]  [32m[1m‚úì[22m[39m Compiled in 763ms (5985 modules)
[2025-10-24T03:21:23.435Z] [INFO   ] 2025-10-24T03:21:23.435Z [DEBUG] [Middleware] Username check: {"path":"/workflows/builder/ebb1dee8-27cc-4c6c-9703-434ebfae08ba","userId":"a3e3a51a-175c-4b59-ad03-227ba12a18b0","provider":"email","role":"admin","username":"nstoddard17","hasUsername":true,"isBetaTester":false,"isNewBetaUser":false,"accountAge":12709396036}
[2025-10-24T03:21:23.693Z] [INFO   ] 2025-10-24T03:21:23.693Z [DEBUG] üíß [AUTH] Rehydrating auth state from storage {"hasState":true,"hasUser":false,"initialized":false,"timestamp":"2025-10-24T03:21:23.693Z"}
[2025-10-24T03:21:23.708Z] [INFO   ] 2025-10-24T03:21:23.708Z [DEBUG] üíß [AUTH] State hydrated and reset {"hasUser":false,"initialized":false,"timestamp":"2025-10-24T03:21:23.708Z"}
[2025-10-24T03:21:23.708Z] [INFO   ] 2025-10-24T03:21:23.708Z [DEBUG] ‚è≠Ô∏è [AUTH] Skipping initialization {"hasState":true,"alreadyInitialized":false,"isClient":false,"timestamp":"2025-10-24T03:21:23.708Z"}
[2025-10-24T03:21:24.030Z] [WARN   ]  [33m[1m‚ö†[22m[39m Fast Refresh had to perform a full reload due to a runtime error.
[2025-10-24T03:21:24.033Z] [INFO   ] 2025-10-24T03:21:24.033Z [DEBUG] [Username Check] {"userId":"a3e3a51a-175c-4b59-ad03-227ba12a18b0","hasEmail":true,"provider":"email","hasUsername":true,"isGoogleUser":false}
[2025-10-24T03:21:24.224Z] [INFO   ] 2025-10-24T03:21:24.223Z [INFO] [NewWorkflowBuilderContent] URL params: {"aiChat":"true","hasInitialPrompt":true,"initialPrompt":"When I get an email send it to slack"}
[2025-10-24T03:21:24.717Z] [INFO   ] 2025-10-24T03:21:24.717Z [DEBUG] üìç [API /api/integrations] GET request received {"timestamp":"2025-10-24T03:21:24.717Z","headers":{"referer":"check-console"}}
[2025-10-24T03:21:24.803Z] [INFO   ] 2025-10-24T03:21:24.802Z [DEBUG] ‚úÖ [API /api/integrations] User authenticated {"userId":"a3e3a51a-175c-4b59-ad03-227ba12a18b0"}
[2025-10-24T03:21:24.906Z] [INFO   ] 2025-10-24T03:21:24.906Z [DEBUG] üìä [API /api/integrations] Query result {"count":14,"error":null,"firstFew":[{"provider":"notion","status":"connected"},{"provider":"mailchimp","status":"connected"}]}
[2025-10-24T03:21:27.245Z] [INFO   ] [Prerequisite Check] Required apps: [ 'gmail', 'slack' ]
[2025-10-24T03:21:27.246Z] [INFO   ] [Prerequisite Check] Connected integrations: [
  'notion',
  'mailchimp',
  'gmail',
  'google-sheets',
  'dropbox',
  'google-drive',
  'facebook',
  'trello',
  'slack',
  'google-docs',
  'twitter',
  'google-calendar',
  'airtable',
  'google_calendar'
]
[2025-10-24T03:21:27.246Z] [INFO   ] [Prerequisite Check] Normalized connected: [
  'notion',
  'mailchimp',
  'gmail',
  'google-sheets',
  'dropbox',
  'google-drive',
  'facebook',
  'trello',
  'slack',
  'google-docs',
  'twitter',
  'google-calendar',
  'airtable',
  'google_calendar'
]
[2025-10-24T03:21:27.246Z] [INFO   ] [Prerequisite Check] Checking gmail (normalized: gmail): CONNECTED
[2025-10-24T03:21:27.246Z] [INFO   ] [Prerequisite Check] Checking slack (normalized: slack): CONNECTED
[2025-10-24T03:21:40.964Z] [INFO   ]  [32m[1m‚úì[22m[39m Compiled in 817ms (5985 modules)
[2025-10-24T03:21:41.188Z] [INFO   ] 2025-10-24T03:21:41.187Z [DEBUG] [Middleware] Username check: {"path":"/workflows/builder/ebb1dee8-27cc-4c6c-9703-434ebfae08ba","userId":"a3e3a51a-175c-4b59-ad03-227ba12a18b0","provider":"email","role":"admin","username":"nstoddard17","hasUsername":true,"isBetaTester":false,"isNewBetaUser":false,"accountAge":12709413788}
[2025-10-24T03:21:41.417Z] [INFO   ] 2025-10-24T03:21:41.417Z [DEBUG] [Username Check] {"userId":"a3e3a51a-175c-4b59-ad03-227ba12a18b0","hasEmail":true,"provider":"email","hasUsername":true,"isGoogleUser":false}
[2025-10-24T03:42:24.842Z] [INFO   ] 2025-10-24T03:42:24.841Z [DEBUG] [Middleware] Username check: {"path":"/workflows","userId":"a3e3a51a-175c-4b59-ad03-227ba12a18b0","provider":"email","role":"admin","username":"nstoddard17","hasUsername":true,"isBetaTester":false,"isNewBetaUser":false,"accountAge":12710657442}
[2025-10-24T03:42:25.575Z] [INFO   ]  [37m[1m‚óã[22m[39m Compiling /workflows ...
[2025-10-24T03:42:26.485Z] [INFO   ]  [32m[1m‚úì[22m[39m Compiled /workflows in 1571ms (4294 modules)
[2025-10-24T03:42:26.797Z] [ERROR  ]  [31m[1m‚®Ø[22m[39m Could not find the module "/Users/nathanielstoddard/chainreact-app/chainreact-app-9e/node_modules/next/dist/next-devtools/userspace/app/segment-explorer-node.js#SegmentViewNode" in the React Client Manifest. This is probably a bug in the React Server Components bundler.
Error: Could not find the module "/Users/nathanielstoddard/chainreact-app/chainreact-app-9e/node_modules/next/dist/next-devtools/userspace/app/segment-explorer-node.js#SegmentViewNode" in the React Client Manifest. This is probably a bug in the React Server Components bundler.
    at resolveClientReferenceMetadata (/Users/nathanielstoddard/chainreact-app/chainreact-app-9e/node_modules/next/dist/compiled/next-server/app-page.runtime.dev.js:23:66176)
    at serializeClientReference (/Users/nathanielstoddard/chainreact-app/chainreact-app-9e/node_modules/next/dist/compiled/next-server/app-page.runtime.dev.js:23:100999)
    at renderModelDestructive (/Users/nathanielstoddard/chainreact-app/chainreact-app-9e/node_modules/next/dist/compiled/next-server/app-page.runtime.dev.js:23:118836)
    at /Users/nathanielstoddard/chainreact-app/chainreact-app-9e/node_modules/next/dist/compiled/next-server/app-page.runtime.dev.js:23:98406
    at Array.toJSON (/Users/nathanielstoddard/chainreact-app/chainreact-app-9e/node_modules/next/dist/compiled/next-server/app-page.runtime.dev.js:23:99536)
    at stringify (<anonymous>)
    at emitChunk (/Users/nathanielstoddard/chainreact-app/chainreact-app-9e/node_modules/next/dist/compiled/next-server/app-page.runtime.dev.js:23:141249)
    at retryTask (/Users/nathanielstoddard/chainreact-app/chainreact-app-9e/node_modules/next/dist/compiled/next-server/app-page.runtime.dev.js:23:142352)
    at performWork (/Users/nathanielstoddard/chainreact-app/chainreact-app-9e/node_modules/next/dist/compiled/next-server/app-page.runtime.dev.js:23:143770)
    at AsyncLocalStorage.run (node:internal/async_local_storage/async_hooks:91:14)
    at /Users/nathanielstoddard/chainreact-app/chainreact-app-9e/node_modules/next/dist/compiled/next-server/app-page.runtime.dev.js:23:148010
    at node:internal/process/task_queues:151:7
    at AsyncResource.runInAsyncScope (node:async_hooks:211:14)
    at AsyncResource.runMicrotask (node:internal/process/task_queues:148:8)
[2025-10-24T03:42:26.893Z] [ERROR  ]  [31m[1m‚®Ø[22m[39m Could not find the module "/Users/nathanielstoddard/chainreact-app/chainreact-app-9e/node_modules/next/dist/next-devtools/userspace/app/segment-explorer-node.js#SegmentViewNode" in the React Client Manifest. This is probably a bug in the React Server Components bundler.
Error: Could not find the module "/Users/nathanielstoddard/chainreact-app/chainreact-app-9e/node_modules/next/dist/next-devtools/userspace/app/segment-explorer-node.js#SegmentViewNode" in the React Client Manifest. This is probably a bug in the React Server Components bundler.
    at resolveClientReferenceMetadata (/Users/nathanielstoddard/chainreact-app/chainreact-app-9e/node_modules/next/dist/compiled/next-server/app-page.runtime.dev.js:23:66176)
    at serializeClientReference (/Users/nathanielstoddard/chainreact-app/chainreact-app-9e/node_modules/next/dist/compiled/next-server/app-page.runtime.dev.js:23:100999)
    at renderModelDestructive (/Users/nathanielstoddard/chainreact-app/chainreact-app-9e/node_modules/next/dist/compiled/next-server/app-page.runtime.dev.js:23:118836)
    at /Users/nathanielstoddard/chainreact-app/chainreact-app-9e/node_modules/next/dist/compiled/next-server/app-page.runtime.dev.js:23:98406
    at Array.toJSON (/Users/nathanielstoddard/chainreact-app/chainreact-app-9e/node_modules/next/dist/compiled/next-server/app-page.runtime.dev.js:23:99536)
    at stringify (<anonymous>)
    at emitChunk (/Users/nathanielstoddard/chainreact-app/chainreact-app-9e/node_modules/next/dist/compiled/next-server/app-page.runtime.dev.js:23:141249)
    at retryTask (/Users/nathanielstoddard/chainreact-app/chainreact-app-9e/node_modules/next/dist/compiled/next-server/app-page.runtime.dev.js:23:142352)
    at outlineTask (/Users/nathanielstoddard/chainreact-app/chainreact-app-9e/node_modules/next/dist/compiled/next-server/app-page.runtime.dev.js:23:93315)
    at renderFunctionComponent (/Users/nathanielstoddard/chainreact-app/chainreact-app-9e/node_modules/next/dist/compiled/next-server/app-page.runtime.dev.js:23:87241)
    at renderElement (/Users/nathanielstoddard/chainreact-app/chainreact-app-9e/node_modules/next/dist/compiled/next-server/app-page.runtime.dev.js:23:105170)
    at renderModelDestructive (/Users/nathanielstoddard/chainreact-app/chainreact-app-9e/node_modules/next/dist/compiled/next-server/app-page.runtime.dev.js:23:106790)
    at /Users/nathanielstoddard/chainreact-app/chainreact-app-9e/node_modules/next/dist/compiled/next-server/app-page.runtime.dev.js:23:98406
    at Array.toJSON (/Users/nathanielstoddard/chainreact-app/chainreact-app-9e/node_modules/next/dist/compiled/next-server/app-page.runtime.dev.js:23:99536)
    at stringify (<anonymous>)
    at emitChunk (/Users/nathanielstoddard/chainreact-app/chainreact-app-9e/node_modules/next/dist/compiled/next-server/app-page.runtime.dev.js:23:141249)
    at retryTask (/Users/nathanielstoddard/chainreact-app/chainreact-app-9e/node_modules/next/dist/compiled/next-server/app-page.runtime.dev.js:23:142352)
    at performWork (/Users/nathanielstoddard/chainreact-app/chainreact-app-9e/node_modules/next/dist/compiled/next-server/app-page.runtime.dev.js:23:143770)
    at AsyncLocalStorage.run (node:internal/async_local_storage/async_hooks:91:14)
    at /Users/nathanielstoddard/chainreact-app/chainreact-app-9e/node_modules/next/dist/compiled/next-server/app-page.runtime.dev.js:23:148010
    at node:internal/process/task_queues:151:7
    at AsyncResource.runInAsyncScope (node:async_hooks:211:14)
    at AsyncResource.runMicrotask (node:internal/process/task_queues:148:8)
[2025-10-24T03:42:26.894Z] [ERROR  ]  [31m[1m‚®Ø[22m[39m Could not find the module "/Users/nathanielstoddard/chainreact-app/chainreact-app-9e/node_modules/next/dist/next-devtools/userspace/app/segment-explorer-node.js#SegmentViewNode" in the React Client Manifest. This is probably a bug in the React Server Components bundler.
Error: Could not find the module "/Users/nathanielstoddard/chainreact-app/chainreact-app-9e/node_modules/next/dist/next-devtools/userspace/app/segment-explorer-node.js#SegmentViewNode" in the React Client Manifest. This is probably a bug in the React Server Components bundler.
    at resolveClientReferenceMetadata (/Users/nathanielstoddard/chainreact-app/chainreact-app-9e/node_modules/next/dist/compiled/next-server/app-page.runtime.dev.js:23:66176)
    at serializeClientReference (/Users/nathanielstoddard/chainreact-app/chainreact-app-9e/node_modules/next/dist/compiled/next-server/app-page.runtime.dev.js:23:100999)
    at renderModelDestructive (/Users/nathanielstoddard/chainreact-app/chainreact-app-9e/node_modules/next/dist/compiled/next-server/app-page.runtime.dev.js:23:118836)
    at /Users/nathanielstoddard/chainreact-app/chainreact-app-9e/node_modules/next/dist/compiled/next-server/app-page.runtime.dev.js:23:98406
    at Array.toJSON (/Users/nathanielstoddard/chainreact-app/chainreact-app-9e/node_modules/next/dist/compiled/next-server/app-page.runtime.dev.js:23:99536)
    at stringify (<anonymous>)
    at emitChunk (/Users/nathanielstoddard/chainreact-app/chainreact-app-9e/node_modules/next/dist/compiled/next-server/app-page.runtime.dev.js:23:141249)
    at retryTask (/Users/nathanielstoddard/chainreact-app/chainreact-app-9e/node_modules/next/dist/compiled/next-server/app-page.runtime.dev.js:23:142352)
    at outlineTask (/Users/nathanielstoddard/chainreact-app/chainreact-app-9e/node_modules/next/dist/compiled/next-server/app-page.runtime.dev.js:23:93315)
    at renderFunctionComponent (/Users/nathanielstoddard/chainreact-app/chainreact-app-9e/node_modules/next/dist/compiled/next-server/app-page.runtime.dev.js:23:87241)
    at renderElement (/Users/nathanielstoddard/chainreact-app/chainreact-app-9e/node_modules/next/dist/compiled/next-server/app-page.runtime.dev.js:23:105170)
    at renderModelDestructive (/Users/nathanielstoddard/chainreact-app/chainreact-app-9e/node_modules/next/dist/compiled/next-server/app-page.runtime.dev.js:23:106790)
    at /Users/nathanielstoddard/chainreact-app/chainreact-app-9e/node_modules/next/dist/compiled/next-server/app-page.runtime.dev.js:23:98406
    at Array.toJSON (/Users/nathanielstoddard/chainreact-app/chainreact-app-9e/node_modules/next/dist/compiled/next-server/app-page.runtime.dev.js:23:99536)
    at stringify (<anonymous>)
    at emitChunk (/Users/nathanielstoddard/chainreact-app/chainreact-app-9e/node_modules/next/dist/compiled/next-server/app-page.runtime.dev.js:23:141249)
    at retryTask (/Users/nathanielstoddard/chainreact-app/chainreact-app-9e/node_modules/next/dist/compiled/next-server/app-page.runtime.dev.js:23:142352)
    at performWork (/Users/nathanielstoddard/chainreact-app/chainreact-app-9e/node_modules/next/dist/compiled/next-server/app-page.runtime.dev.js:23:143770)
    at AsyncLocalStorage.run (node:internal/async_local_storage/async_hooks:91:14)
    at /Users/nathanielstoddard/chainreact-app/chainreact-app-9e/node_modules/next/dist/compiled/next-server/app-page.runtime.dev.js:23:148010
    at node:internal/process/task_queues:151:7
    at AsyncResource.runInAsyncScope (node:async_hooks:211:14)
    at AsyncResource.runMicrotask (node:internal/process/task_queues:148:8)
[2025-10-24T03:42:26.894Z] [ERROR  ]  [31m[1m‚®Ø[22m[39m Could not find the module "/Users/nathanielstoddard/chainreact-app/chainreact-app-9e/node_modules/next/dist/next-devtools/userspace/app/segment-explorer-node.js#SegmentViewNode" in the React Client Manifest. This is probably a bug in the React Server Components bundler.
Error: Could not find the module "/Users/nathanielstoddard/chainreact-app/chainreact-app-9e/node_modules/next/dist/next-devtools/userspace/app/segment-explorer-node.js#SegmentViewNode" in the React Client Manifest. This is probably a bug in the React Server Components bundler.
    at resolveClientReferenceMetadata (/Users/nathanielstoddard/chainreact-app/chainreact-app-9e/node_modules/next/dist/compiled/next-server/app-page.runtime.dev.js:23:66176)
    at serializeClientReference (/Users/nathanielstoddard/chainreact-app/chainreact-app-9e/node_modules/next/dist/compiled/next-server/app-page.runtime.dev.js:23:100999)
    at renderModelDestructive (/Users/nathanielstoddard/chainreact-app/chainreact-app-9e/node_modules/next/dist/compiled/next-server/app-page.runtime.dev.js:23:118836)
    at /Users/nathanielstoddard/chainreact-app/chainreact-app-9e/node_modules/next/dist/compiled/next-server/app-page.runtime.dev.js:23:98406
    at Array.toJSON (/Users/nathanielstoddard/chainreact-app/chainreact-app-9e/node_modules/next/dist/compiled/next-server/app-page.runtime.dev.js:23:99536)
    at stringify (<anonymous>)
    at emitChunk (/Users/nathanielstoddard/chainreact-app/chainreact-app-9e/node_modules/next/dist/compiled/next-server/app-page.runtime.dev.js:23:141249)
    at retryTask (/Users/nathanielstoddard/chainreact-app/chainreact-app-9e/node_modules/next/dist/compiled/next-server/app-page.runtime.dev.js:23:142352)
    at outlineTask (/Users/nathanielstoddard/chainreact-app/chainreact-app-9e/node_modules/next/dist/compiled/next-server/app-page.runtime.dev.js:23:93315)
    at renderFunctionComponent (/Users/nathanielstoddard/chainreact-app/chainreact-app-9e/node_modules/next/dist/compiled/next-server/app-page.runtime.dev.js:23:87241)
    at renderElement (/Users/nathanielstoddard/chainreact-app/chainreact-app-9e/node_modules/next/dist/compiled/next-server/app-page.runtime.dev.js:23:105170)
    at renderModelDestructive (/Users/nathanielstoddard/chainreact-app/chainreact-app-9e/node_modules/next/dist/compiled/next-server/app-page.runtime.dev.js:23:106790)
    at /Users/nathanielstoddard/chainreact-app/chainreact-app-9e/node_modules/next/dist/compiled/next-server/app-page.runtime.dev.js:23:98406
    at Array.toJSON (/Users/nathanielstoddard/chainreact-app/chainreact-app-9e/node_modules/next/dist/compiled/next-server/app-page.runtime.dev.js:23:99536)
    at stringify (<anonymous>)
    at emitChunk (/Users/nathanielstoddard/chainreact-app/chainreact-app-9e/node_modules/next/dist/compiled/next-server/app-page.runtime.dev.js:23:141249)
    at retryTask (/Users/nathanielstoddard/chainreact-app/chainreact-app-9e/node_modules/next/dist/compiled/next-server/app-page.runtime.dev.js:23:142352)
    at performWork (/Users/nathanielstoddard/chainreact-app/chainreact-app-9e/node_modules/next/dist/compiled/next-server/app-page.runtime.dev.js:23:143770)
    at AsyncLocalStorage.run (node:internal/async_local_storage/async_hooks:91:14)
    at /Users/nathanielstoddard/chainreact-app/chainreact-app-9e/node_modules/next/dist/compiled/next-server/app-page.runtime.dev.js:23:148010
    at node:internal/process/task_queues:151:7
    at AsyncResource.runInAsyncScope (node:async_hooks:211:14)
    at AsyncResource.runMicrotask (node:internal/process/task_queues:148:8)
[2025-10-24T03:42:26.894Z] [ERROR  ]  [31m[1m‚®Ø[22m[39m Could not find the module "/Users/nathanielstoddard/chainreact-app/chainreact-app-9e/node_modules/next/dist/next-devtools/userspace/app/segment-explorer-node.js#SegmentViewNode" in the React Client Manifest. This is probably a bug in the React Server Components bundler.
Error: Could not find the module "/Users/nathanielstoddard/chainreact-app/chainreact-app-9e/node_modules/next/dist/next-devtools/userspace/app/segment-explorer-node.js#SegmentViewNode" in the React Client Manifest. This is probably a bug in the React Server Components bundler.
    at resolveClientReferenceMetadata (/Users/nathanielstoddard/chainreact-app/chainreact-app-9e/node_modules/next/dist/compiled/next-server/app-page.runtime.dev.js:23:66176)
    at serializeClientReference (/Users/nathanielstoddard/chainreact-app/chainreact-app-9e/node_modules/next/dist/compiled/next-server/app-page.runtime.dev.js:23:100999)
    at renderModelDestructive (/Users/nathanielstoddard/chainreact-app/chainreact-app-9e/node_modules/next/dist/compiled/next-server/app-page.runtime.dev.js:23:118836)
    at /Users/nathanielstoddard/chainreact-app/chainreact-app-9e/node_modules/next/dist/compiled/next-server/app-page.runtime.dev.js:23:98406
    at Array.toJSON (/Users/nathanielstoddard/chainreact-app/chainreact-app-9e/node_modules/next/dist/compiled/next-server/app-page.runtime.dev.js:23:99536)
    at stringify (<anonymous>)
    at emitChunk (/Users/nathanielstoddard/chainreact-app/chainreact-app-9e/node_modules/next/dist/compiled/next-server/app-page.runtime.dev.js:23:141249)
    at retryTask (/Users/nathanielstoddard/chainreact-app/chainreact-app-9e/node_modules/next/dist/compiled/next-server/app-page.runtime.dev.js:23:142352)
    at performWork (/Users/nathanielstoddard/chainreact-app/chainreact-app-9e/node_modules/next/dist/compiled/next-server/app-page.runtime.dev.js:23:143770)
    at AsyncLocalStorage.run (node:internal/async_local_storage/async_hooks:91:14)
    at /Users/nathanielstoddard/chainreact-app/chainreact-app-9e/node_modules/next/dist/compiled/next-server/app-page.runtime.dev.js:23:148010
    at node:internal/process/task_queues:151:7
    at AsyncResource.runInAsyncScope (node:async_hooks:211:14)
    at AsyncResource.runMicrotask (node:internal/process/task_queues:148:8)
[2025-10-24T03:42:26.894Z] [ERROR  ]  [31m[1m‚®Ø[22m[39m Could not find the module "/Users/nathanielstoddard/chainreact-app/chainreact-app-9e/node_modules/next/dist/next-devtools/userspace/app/segment-explorer-node.js#SegmentViewNode" in the React Client Manifest. This is probably a bug in the React Server Components bundler.
Error: Could not find the module "/Users/nathanielstoddard/chainreact-app/chainreact-app-9e/node_modules/next/dist/next-devtools/userspace/app/segment-explorer-node.js#SegmentViewNode" in the React Client Manifest. This is probably a bug in the React Server Components bundler.
    at resolveClientReferenceMetadata (/Users/nathanielstoddard/chainreact-app/chainreact-app-9e/node_modules/next/dist/compiled/next-server/app-page.runtime.dev.js:23:66176)
    at serializeClientReference (/Users/nathanielstoddard/chainreact-app/chainreact-app-9e/node_modules/next/dist/compiled/next-server/app-page.runtime.dev.js:23:100999)
    at renderModelDestructive (/Users/nathanielstoddard/chainreact-app/chainreact-app-9e/node_modules/next/dist/compiled/next-server/app-page.runtime.dev.js:23:118836)
    at /Users/nathanielstoddard/chainreact-app/chainreact-app-9e/node_modules/next/dist/compiled/next-server/app-page.runtime.dev.js:23:98406
    at Array.toJSON (/Users/nathanielstoddard/chainreact-app/chainreact-app-9e/node_modules/next/dist/compiled/next-server/app-page.runtime.dev.js:23:99536)
    at stringify (<anonymous>)
    at emitChunk (/Users/nathanielstoddard/chainreact-app/chainreact-app-9e/node_modules/next/dist/compiled/next-server/app-page.runtime.dev.js:23:141249)
    at retryTask (/Users/nathanielstoddard/chainreact-app/chainreact-app-9e/node_modules/next/dist/compiled/next-server/app-page.runtime.dev.js:23:142352)
    at performWork (/Users/nathanielstoddard/chainreact-app/chainreact-app-9e/node_modules/next/dist/compiled/next-server/app-page.runtime.dev.js:23:143770)
    at AsyncLocalStorage.run (node:internal/async_local_storage/async_hooks:91:14)
    at /Users/nathanielstoddard/chainreact-app/chainreact-app-9e/node_modules/next/dist/compiled/next-server/app-page.runtime.dev.js:23:148010
    at node:internal/process/task_queues:151:7
    at AsyncResource.runInAsyncScope (node:async_hooks:211:14)
    at AsyncResource.runMicrotask (node:internal/process/task_queues:148:8)
[2025-10-24T03:42:26.894Z] [ERROR  ]  [31m[1m‚®Ø[22m[39m Could not find the module "/Users/nathanielstoddard/chainreact-app/chainreact-app-9e/node_modules/next/dist/next-devtools/userspace/app/segment-explorer-node.js#SegmentViewNode" in the React Client Manifest. This is probably a bug in the React Server Components bundler.
Error: Could not find the module "/Users/nathanielstoddard/chainreact-app/chainreact-app-9e/node_modules/next/dist/next-devtools/userspace/app/segment-explorer-node.js#SegmentViewNode" in the React Client Manifest. This is probably a bug in the React Server Components bundler.
    at resolveClientReferenceMetadata (/Users/nathanielstoddard/chainreact-app/chainreact-app-9e/node_modules/next/dist/compiled/next-server/app-page.runtime.dev.js:23:66176)
    at serializeClientReference (/Users/nathanielstoddard/chainreact-app/chainreact-app-9e/node_modules/next/dist/compiled/next-server/app-page.runtime.dev.js:23:100999)
    at renderModelDestructive (/Users/nathanielstoddard/chainreact-app/chainreact-app-9e/node_modules/next/dist/compiled/next-server/app-page.runtime.dev.js:23:118836)
    at /Users/nathanielstoddard/chainreact-app/chainreact-app-9e/node_modules/next/dist/compiled/next-server/app-page.runtime.dev.js:23:98406
    at Array.toJSON (/Users/nathanielstoddard/chainreact-app/chainreact-app-9e/node_modules/next/dist/compiled/next-server/app-page.runtime.dev.js:23:99536)
    at stringify (<anonymous>)
    at emitChunk (/Users/nathanielstoddard/chainreact-app/chainreact-app-9e/node_modules/next/dist/compiled/next-server/app-page.runtime.dev.js:23:141249)
    at retryTask (/Users/nathanielstoddard/chainreact-app/chainreact-app-9e/node_modules/next/dist/compiled/next-server/app-page.runtime.dev.js:23:142352)
    at performWork (/Users/nathanielstoddard/chainreact-app/chainreact-app-9e/node_modules/next/dist/compiled/next-server/app-page.runtime.dev.js:23:143770)
    at AsyncLocalStorage.run (node:internal/async_local_storage/async_hooks:91:14)
    at /Users/nathanielstoddard/chainreact-app/chainreact-app-9e/node_modules/next/dist/compiled/next-server/app-page.runtime.dev.js:23:148010
    at node:internal/process/task_queues:151:7
    at AsyncResource.runInAsyncScope (node:async_hooks:211:14)
    at AsyncResource.runMicrotask (node:internal/process/task_queues:148:8)
[2025-10-24T03:42:26.894Z] [ERROR  ]  [31m[1m‚®Ø[22m[39m Could not find the module "/Users/nathanielstoddard/chainreact-app/chainreact-app-9e/node_modules/next/dist/next-devtools/userspace/app/segment-explorer-node.js#SegmentViewNode" in the React Client Manifest. This is probably a bug in the React Server Components bundler.
Error: Could not find the module "/Users/nathanielstoddard/chainreact-app/chainreact-app-9e/node_modules/next/dist/next-devtools/userspace/app/segment-explorer-node.js#SegmentViewNode" in the React Client Manifest. This is probably a bug in the React Server Components bundler.
    at resolveClientReferenceMetadata (/Users/nathanielstoddard/chainreact-app/chainreact-app-9e/node_modules/next/dist/compiled/next-server/app-page.runtime.dev.js:23:66176)
    at serializeClientReference (/Users/nathanielstoddard/chainreact-app/chainreact-app-9e/node_modules/next/dist/compiled/next-server/app-page.runtime.dev.js:23:100999)
    at renderModelDestructive (/Users/nathanielstoddard/chainreact-app/chainreact-app-9e/node_modules/next/dist/compiled/next-server/app-page.runtime.dev.js:23:118836)
    at /Users/nathanielstoddard/chainreact-app/chainreact-app-9e/node_modules/next/dist/compiled/next-server/app-page.runtime.dev.js:23:98406
    at Array.toJSON (/Users/nathanielstoddard/chainreact-app/chainreact-app-9e/node_modules/next/dist/compiled/next-server/app-page.runtime.dev.js:23:99536)
    at stringify (<anonymous>)
    at emitChunk (/Users/nathanielstoddard/chainreact-app/chainreact-app-9e/node_modules/next/dist/compiled/next-server/app-page.runtime.dev.js:23:141249)
    at retryTask (/Users/nathanielstoddard/chainreact-app/chainreact-app-9e/node_modules/next/dist/compiled/next-server/app-page.runtime.dev.js:23:142352)
    at performWork (/Users/nathanielstoddard/chainreact-app/chainreact-app-9e/node_modules/next/dist/compiled/next-server/app-page.runtime.dev.js:23:143770)
    at AsyncLocalStorage.run (node:internal/async_local_storage/async_hooks:91:14)
    at /Users/nathanielstoddard/chainreact-app/chainreact-app-9e/node_modules/next/dist/compiled/next-server/app-page.runtime.dev.js:23:148010
    at node:internal/process/task_queues:151:7
    at AsyncResource.runInAsyncScope (node:async_hooks:211:14)
    at AsyncResource.runMicrotask (node:internal/process/task_queues:148:8)
[2025-10-24T03:42:27.000Z] [ERROR  ]  [31m[1m‚®Ø[22m[39m Cannot read properties of undefined (reading 'call')
TypeError: Cannot read properties of undefined (reading 'call')
    at Object.__webpack_require__ [as require] (/Users/nathanielstoddard/chainreact-app/chainreact-app-9e/.next/server/webpack-runtime.js:25:43)
    at Object.require (/Users/nathanielstoddard/chainreact-app/chainreact-app-9e/node_modules/next/dist/compiled/next-server/app-page.runtime.dev.js:38:28541)
    at globalThis.__next_require__ (/Users/nathanielstoddard/chainreact-app/chainreact-app-9e/node_modules/next/dist/compiled/next-server/app-page.runtime.dev.js:38:29364)
    at requireModule (/Users/nathanielstoddard/chainreact-app/chainreact-app-9e/node_modules/next/dist/compiled/next-server/app-page.runtime.dev.js:2:318257)
    at initializeModuleChunk (/Users/nathanielstoddard/chainreact-app/chainreact-app-9e/node_modules/next/dist/compiled/next-server/app-page.runtime.dev.js:2:346827)
    at getOutlinedModel (/Users/nathanielstoddard/chainreact-app/chainreact-app-9e/node_modules/next/dist/compiled/next-server/app-page.runtime.dev.js:2:356069)
    at /Users/nathanielstoddard/chainreact-app/chainreact-app-9e/node_modules/next/dist/compiled/next-server/app-page.runtime.dev.js:2:363908
    at ResponseInstance._fromJSON (/Users/nathanielstoddard/chainreact-app/chainreact-app-9e/node_modules/next/dist/compiled/next-server/app-page.runtime.dev.js:2:363999)
    at JSON.parse (<anonymous>)
    at initializeModelChunk (/Users/nathanielstoddard/chainreact-app/chainreact-app-9e/node_modules/next/dist/compiled/next-server/app-page.runtime.dev.js:2:346268)
    at resolveModelChunk (/Users/nathanielstoddard/chainreact-app/chainreact-app-9e/node_modules/next/dist/compiled/next-server/app-page.runtime.dev.js:2:344574)
    at processFullStringRow (/Users/nathanielstoddard/chainreact-app/chainreact-app-9e/node_modules/next/dist/compiled/next-server/app-page.runtime.dev.js:2:382926)
    at /Users/nathanielstoddard/chainreact-app/chainreact-app-9e/node_modules/next/dist/compiled/next-server/app-page.runtime.dev.js:2:385329
    at processBinaryChunk (/Users/nathanielstoddard/chainreact-app/chainreact-app-9e/node_modules/next/dist/compiled/next-server/app-page.runtime.dev.js:2:385401)
    at progress (/Users/nathanielstoddard/chainreact-app/chainreact-app-9e/node_modules/next/dist/compiled/next-server/app-page.runtime.dev.js:2:386929)
[2025-10-24T03:42:27.003Z] [ERROR  ]  [31m[1m‚®Ø[22m[39m Could not find the module "/Users/nathanielstoddard/chainreact-app/chainreact-app-9e/node_modules/next/dist/next-devtools/userspace/app/segment-explorer-node.js#SegmentViewNode" in the React Client Manifest. This is probably a bug in the React Server Components bundler.
Error: Could not find the module "/Users/nathanielstoddard/chainreact-app/chainreact-app-9e/node_modules/next/dist/next-devtools/userspace/app/segment-explorer-node.js#SegmentViewNode" in the React Client Manifest. This is probably a bug in the React Server Components bundler.
    at resolveClientReferenceMetadata (/Users/nathanielstoddard/chainreact-app/chainreact-app-9e/node_modules/next/dist/compiled/next-server/app-page.runtime.dev.js:23:66176)
    at serializeClientReference (/Users/nathanielstoddard/chainreact-app/chainreact-app-9e/node_modules/next/dist/compiled/next-server/app-page.runtime.dev.js:23:100999)
    at renderModelDestructive (/Users/nathanielstoddard/chainreact-app/chainreact-app-9e/node_modules/next/dist/compiled/next-server/app-page.runtime.dev.js:23:118836)
    at /Users/nathanielstoddard/chainreact-app/chainreact-app-9e/node_modules/next/dist/compiled/next-server/app-page.runtime.dev.js:23:98406
    at Array.toJSON (/Users/nathanielstoddard/chainreact-app/chainreact-app-9e/node_modules/next/dist/compiled/next-server/app-page.runtime.dev.js:23:99536)
    at stringify (<anonymous>)
    at emitChunk (/Users/nathanielstoddard/chainreact-app/chainreact-app-9e/node_modules/next/dist/compiled/next-server/app-page.runtime.dev.js:23:141249)
    at retryTask (/Users/nathanielstoddard/chainreact-app/chainreact-app-9e/node_modules/next/dist/compiled/next-server/app-page.runtime.dev.js:23:142352)
    at performWork (/Users/nathanielstoddard/chainreact-app/chainreact-app-9e/node_modules/next/dist/compiled/next-server/app-page.runtime.dev.js:23:143770)
    at AsyncLocalStorage.run (node:internal/async_local_storage/async_hooks:91:14)
    at /Users/nathanielstoddard/chainreact-app/chainreact-app-9e/node_modules/next/dist/compiled/next-server/app-page.runtime.dev.js:23:148010
    at node:internal/process/task_queues:151:7
    at AsyncResource.runInAsyncScope (node:async_hooks:211:14)
    at AsyncResource.runMicrotask (node:internal/process/task_queues:148:8)
[2025-10-24T03:42:27.102Z] [ERROR  ] Cannot read properties of undefined (reading 'call')
TypeError: Cannot read properties of undefined (reading 'call')
    at Object.__webpack_require__ [as require] (/Users/nathanielstoddard/chainreact-app/chainreact-app-9e/.next/server/webpack-runtime.js:25:43)
    at Object.require (/Users/nathanielstoddard/chainreact-app/chainreact-app-9e/node_modules/next/dist/compiled/next-server/app-page.runtime.dev.js:38:28541)
    at globalThis.__next_require__ (/Users/nathanielstoddard/chainreact-app/chainreact-app-9e/node_modules/next/dist/compiled/next-server/app-page.runtime.dev.js:38:29364)
    at requireModule (/Users/nathanielstoddard/chainreact-app/chainreact-app-9e/node_modules/next/dist/compiled/next-server/app-page.runtime.dev.js:2:318257)
    at initializeModuleChunk (/Users/nathanielstoddard/chainreact-app/chainreact-app-9e/node_modules/next/dist/compiled/next-server/app-page.runtime.dev.js:2:346827)
    at getOutlinedModel (/Users/nathanielstoddard/chainreact-app/chainreact-app-9e/node_modules/next/dist/compiled/next-server/app-page.runtime.dev.js:2:356069)
    at /Users/nathanielstoddard/chainreact-app/chainreact-app-9e/node_modules/next/dist/compiled/next-server/app-page.runtime.dev.js:2:363908
    at ResponseInstance._fromJSON (/Users/nathanielstoddard/chainreact-app/chainreact-app-9e/node_modules/next/dist/compiled/next-server/app-page.runtime.dev.js:2:363999)
    at JSON.parse (<anonymous>)
    at initializeModelChunk (/Users/nathanielstoddard/chainreact-app/chainreact-app-9e/node_modules/next/dist/compiled/next-server/app-page.runtime.dev.js:2:346268)
    at resolveModelChunk (/Users/nathanielstoddard/chainreact-app/chainreact-app-9e/node_modules/next/dist/compiled/next-server/app-page.runtime.dev.js:2:344574)
    at processFullStringRow (/Users/nathanielstoddard/chainreact-app/chainreact-app-9e/node_modules/next/dist/compiled/next-server/app-page.runtime.dev.js:2:382926)
    at /Users/nathanielstoddard/chainreact-app/chainreact-app-9e/node_modules/next/dist/compiled/next-server/app-page.runtime.dev.js:2:385329
    at processBinaryChunk (/Users/nathanielstoddard/chainreact-app/chainreact-app-9e/node_modules/next/dist/compiled/next-server/app-page.runtime.dev.js:2:385401)
    at progress (/Users/nathanielstoddard/chainreact-app/chainreact-app-9e/node_modules/next/dist/compiled/next-server/app-page.runtime.dev.js:2:386929)
[2025-10-24T03:42:27.205Z] [ERROR  ]  [31m[1m‚®Ø[22m[39m Cannot read properties of undefined (reading 'call')
TypeError: Cannot read properties of undefined (reading 'call')
    at Object.__webpack_require__ [as require] (/Users/nathanielstoddard/chainreact-app/chainreact-app-9e/.next/server/webpack-runtime.js:25:43)
    at Object.require (/Users/nathanielstoddard/chainreact-app/chainreact-app-9e/node_modules/next/dist/compiled/next-server/app-page.runtime.dev.js:38:28541)
    at globalThis.__next_require__ (/Users/nathanielstoddard/chainreact-app/chainreact-app-9e/node_modules/next/dist/compiled/next-server/app-page.runtime.dev.js:38:29364)
    at requireModule (/Users/nathanielstoddard/chainreact-app/chainreact-app-9e/node_modules/next/dist/compiled/next-server/app-page.runtime.dev.js:2:318257)
    at initializeModuleChunk (/Users/nathanielstoddard/chainreact-app/chainreact-app-9e/node_modules/next/dist/compiled/next-server/app-page.runtime.dev.js:2:346827)
    at getOutlinedModel (/Users/nathanielstoddard/chainreact-app/chainreact-app-9e/node_modules/next/dist/compiled/next-server/app-page.runtime.dev.js:2:356069)
    at /Users/nathanielstoddard/chainreact-app/chainreact-app-9e/node_modules/next/dist/compiled/next-server/app-page.runtime.dev.js:2:363908
    at ResponseInstance._fromJSON (/Users/nathanielstoddard/chainreact-app/chainreact-app-9e/node_modules/next/dist/compiled/next-server/app-page.runtime.dev.js:2:363999)
    at JSON.parse (<anonymous>)
    at initializeModelChunk (/Users/nathanielstoddard/chainreact-app/chainreact-app-9e/node_modules/next/dist/compiled/next-server/app-page.runtime.dev.js:2:346268)
    at resolveModelChunk (/Users/nathanielstoddard/chainreact-app/chainreact-app-9e/node_modules/next/dist/compiled/next-server/app-page.runtime.dev.js:2:344574)
    at processFullStringRow (/Users/nathanielstoddard/chainreact-app/chainreact-app-9e/node_modules/next/dist/compiled/next-server/app-page.runtime.dev.js:2:382926)
    at /Users/nathanielstoddard/chainreact-app/chainreact-app-9e/node_modules/next/dist/compiled/next-server/app-page.runtime.dev.js:2:385329
    at processBinaryChunk (/Users/nathanielstoddard/chainreact-app/chainreact-app-9e/node_modules/next/dist/compiled/next-server/app-page.runtime.dev.js:2:385401)
    at progress (/Users/nathanielstoddard/chainreact-app/chainreact-app-9e/node_modules/next/dist/compiled/next-server/app-page.runtime.dev.js:2:386929)
[2025-10-24T03:42:27.305Z] [ERROR  ]  [31m[1m‚®Ø[22m[39m Cannot read properties of undefined (reading 'call')
TypeError: Cannot read properties of undefined (reading 'call')
    at Object.__webpack_require__ [as require] (/Users/nathanielstoddard/chainreact-app/chainreact-app-9e/.next/server/webpack-runtime.js:25:43)
    at Object.require (/Users/nathanielstoddard/chainreact-app/chainreact-app-9e/node_modules/next/dist/compiled/next-server/app-page.runtime.dev.js:38:28541)
    at globalThis.__next_require__ (/Users/nathanielstoddard/chainreact-app/chainreact-app-9e/node_modules/next/dist/compiled/next-server/app-page.runtime.dev.js:38:29364)
    at requireModule (/Users/nathanielstoddard/chainreact-app/chainreact-app-9e/node_modules/next/dist/compiled/next-server/app-page.runtime.dev.js:2:318257)
    at initializeModuleChunk (/Users/nathanielstoddard/chainreact-app/chainreact-app-9e/node_modules/next/dist/compiled/next-server/app-page.runtime.dev.js:2:346827)
    at getOutlinedModel (/Users/nathanielstoddard/chainreact-app/chainreact-app-9e/node_modules/next/dist/compiled/next-server/app-page.runtime.dev.js:2:356069)
    at /Users/nathanielstoddard/chainreact-app/chainreact-app-9e/node_modules/next/dist/compiled/next-server/app-page.runtime.dev.js:2:363908
    at ResponseInstance._fromJSON (/Users/nathanielstoddard/chainreact-app/chainreact-app-9e/node_modules/next/dist/compiled/next-server/app-page.runtime.dev.js:2:363999)
    at JSON.parse (<anonymous>)
    at initializeModelChunk (/Users/nathanielstoddard/chainreact-app/chainreact-app-9e/node_modules/next/dist/compiled/next-server/app-page.runtime.dev.js:2:346268)
    at resolveModelChunk (/Users/nathanielstoddard/chainreact-app/chainreact-app-9e/node_modules/next/dist/compiled/next-server/app-page.runtime.dev.js:2:344574)
    at processFullStringRow (/Users/nathanielstoddard/chainreact-app/chainreact-app-9e/node_modules/next/dist/compiled/next-server/app-page.runtime.dev.js:2:382926)
    at /Users/nathanielstoddard/chainreact-app/chainreact-app-9e/node_modules/next/dist/compiled/next-server/app-page.runtime.dev.js:2:385329
    at processBinaryChunk (/Users/nathanielstoddard/chainreact-app/chainreact-app-9e/node_modules/next/dist/compiled/next-server/app-page.runtime.dev.js:2:385401)
    at progress (/Users/nathanielstoddard/chainreact-app/chainreact-app-9e/node_modules/next/dist/compiled/next-server/app-page.runtime.dev.js:2:386929)
[2025-10-24T03:42:27.598Z] [INFO   ] 2025-10-24T03:42:27.598Z [DEBUG] [Username Check] {"userId":"a3e3a51a-175c-4b59-ad03-227ba12a18b0","hasEmail":true,"provider":"email","hasUsername":true,"isGoogleUser":false}
[2025-10-24T03:42:27.815Z] [INFO   ]  [37m[1m‚óã[22m[39m Compiling /_error ...
[2025-10-24T03:42:28.118Z] [WARN   ]  [33m[1m‚ö†[22m[39m Fast Refresh had to perform a full reload due to a runtime error.
[2025-10-24T03:42:28.151Z] [INFO   ] 2025-10-24T03:42:28.150Z [DEBUG] [Middleware] Username check: {"path":"/workflows/builder/ebb1dee8-27cc-4c6c-9703-434ebfae08ba","userId":"a3e3a51a-175c-4b59-ad03-227ba12a18b0","provider":"email","role":"admin","username":"nstoddard17","hasUsername":true,"isBetaTester":false,"isNewBetaUser":false,"accountAge":12710660751}
[2025-10-24T03:42:28.475Z] [INFO   ]  [32m[1m‚úì[22m[39m Compiled /_error in 1161ms (6328 modules)
[2025-10-24T03:42:29.037Z] [INFO   ] 2025-10-24T03:42:29.037Z [DEBUG] [Username Check] {"userId":"a3e3a51a-175c-4b59-ad03-227ba12a18b0","hasEmail":true,"provider":"email","hasUsername":true,"isGoogleUser":false}
[2025-10-24T03:42:29.468Z] [ERROR  ]  [31m[1m‚®Ø[22m[39m Failed to generate static paths for /workflows/builder/[id]:
[2025-10-24T03:42:29.469Z] [ERROR  ] Cannot find module './vendor-chunks/@supabase.js'
Require stack:
- /Users/nathanielstoddard/chainreact-app/chainreact-app-9e/.next/server/webpack-runtime.js
- /Users/nathanielstoddard/chainreact-app/chainreact-app-9e/.next/server/app/workflows/builder/[id]/page.js
- /Users/nathanielstoddard/chainreact-app/chainreact-app-9e/node_modules/next/dist/server/require.js
- /Users/nathanielstoddard/chainreact-app/chainreact-app-9e/node_modules/next/dist/server/load-components.js
- /Users/nathanielstoddard/chainreact-app/chainreact-app-9e/node_modules/next/dist/build/utils.js
- /Users/nathanielstoddard/chainreact-app/chainreact-app-9e/node_modules/next/dist/server/dev/static-paths-worker.js
- /Users/nathanielstoddard/chainreact-app/chainreact-app-9e/node_modules/next/dist/compiled/jest-worker/processChild.js
Error: Cannot find module './vendor-chunks/@supabase.js'
Require stack:
- /Users/nathanielstoddard/chainreact-app/chainreact-app-9e/.next/server/webpack-runtime.js
- /Users/nathanielstoddard/chainreact-app/chainreact-app-9e/.next/server/app/workflows/builder/[id]/page.js
- /Users/nathanielstoddard/chainreact-app/chainreact-app-9e/node_modules/next/dist/server/require.js
- /Users/nathanielstoddard/chainreact-app/chainreact-app-9e/node_modules/next/dist/server/load-components.js
- /Users/nathanielstoddard/chainreact-app/chainreact-app-9e/node_modules/next/dist/build/utils.js
- /Users/nathanielstoddard/chainreact-app/chainreact-app-9e/node_modules/next/dist/server/dev/static-paths-worker.js
- /Users/nathanielstoddard/chainreact-app/chainreact-app-9e/node_modules/next/dist/compiled/jest-worker/processChild.js
    at Function.<anonymous> (node:internal/modules/cjs/loader:1394:15)
    at /Users/nathanielstoddard/chainreact-app/chainreact-app-9e/node_modules/next/dist/server/require-hook.js:57:36
    at defaultResolveImpl (node:internal/modules/cjs/loader:1050:19)
    at resolveForCJSWithHooks (node:internal/modules/cjs/loader:1055:22)
    at Function._load (node:internal/modules/cjs/loader:1204:37)
    at TracingChannel.traceSync (node:diagnostics_channel:322:14)
    at wrapModuleLoad (node:internal/modules/cjs/loader:234:24)
    at Module.<anonymous> (node:internal/modules/cjs/loader:1480:12)
    at mod.require (/Users/nathanielstoddard/chainreact-app/chainreact-app-9e/node_modules/next/dist/server/require-hook.js:68:28)
    at require (node:internal/modules/helpers:135:16)
[2025-10-24T03:44:27.282Z] [INFO   ] 2025-10-24T03:44:27.282Z [DEBUG] [Middleware] Username check: {"path":"/workflows","userId":"a3e3a51a-175c-4b59-ad03-227ba12a18b0","provider":"email","role":"admin","username":"nstoddard17","hasUsername":true,"isBetaTester":false,"isNewBetaUser":false,"accountAge":12710779883}
[2025-10-24T03:44:27.481Z] [INFO   ] 2025-10-24T03:44:27.481Z [DEBUG] üíß [AUTH] Rehydrating auth state from storage {"hasState":true,"hasUser":false,"initialized":false,"timestamp":"2025-10-24T03:44:27.481Z"}
[2025-10-24T03:44:27.485Z] [INFO   ] 2025-10-24T03:44:27.485Z [DEBUG] üíß [AUTH] State hydrated and reset {"hasUser":false,"initialized":false,"timestamp":"2025-10-24T03:44:27.485Z"}
[2025-10-24T03:44:27.485Z] [INFO   ] 2025-10-24T03:44:27.485Z [DEBUG] ‚è≠Ô∏è [AUTH] Skipping initialization {"hasState":true,"alreadyInitialized":false,"isClient":false,"timestamp":"2025-10-24T03:44:27.485Z"}
[2025-10-24T03:44:27.724Z] [INFO   ] 2025-10-24T03:44:27.724Z [DEBUG] [Username Check] {"userId":"a3e3a51a-175c-4b59-ad03-227ba12a18b0","hasEmail":true,"provider":"email","hasUsername":true,"isGoogleUser":false}

=== Log Session Ended: 2025-10-24T03:44:28.687Z ===
